Using pre-set license
Built from '2020.2/staging' branch; Version is '2020.2.6f1 (8a2143876886) revision 9052483'; Using compiler version '192528614'; Build Type 'Release'
OS: 'Windows 10 Home Single Language; OS build 19043.1889; Version 2009; 64bit' Language: 'es' Physical Memory: 8148 MB
BatchMode: 1, IsHumanControllingUs: 0, StartBugReporterOnCrash: 0, Is64bit: 1, IsPro: 0

 COMMAND LINE ARGUMENTS:
D:\Unity\2020.2.6f1\Editor\Unity.exe
-adb2
-batchMode
-noUpm
-name
AssetImportWorker7
-projectPath
D:/Unity/Clases Tec/Semestre TEC/Modelado3D
-logFile
Logs/AssetImportWorker7.log
-srvPort
55877
Successfully changed project path to: D:/Unity/Clases Tec/Semestre TEC/Modelado3D
D:/Unity/Clases Tec/Semestre TEC/Modelado3D
Using Asset Import Pipeline V2.
Refreshing native plugins compatible for Editor in 185.24 ms, found 0 plugins.
Preloading 0 native plugins for Editor in 0.00 ms.
Initialize engine version: 2020.2.6f1 (8a2143876886)
[Subsystems] Discovering subsystems at path D:/Unity/2020.2.6f1/Editor/Data/Resources/UnitySubsystems
[Subsystems] Discovering subsystems at path D:/Unity/Clases Tec/Semestre TEC/Modelado3D/Assets
GfxDevice: creating device client; threaded=0
Direct3D:
    Version:  Direct3D 11.0 [level 11.1]
    Renderer: NVIDIA GeForce GTX 1060 (ID=0x1c20)
    Vendor:   
    VRAM:     2987 MB
    Driver:   27.21.14.5167
Initialize mono
Mono path[0] = 'D:/Unity/2020.2.6f1/Editor/Data/Managed'
Mono path[1] = 'D:/Unity/2020.2.6f1/Editor/Data/MonoBleedingEdge/lib/mono/unityjit'
Mono config path = 'D:/Unity/2020.2.6f1/Editor/Data/MonoBleedingEdge/etc'
Using monoOptions --debugger-agent=transport=dt_socket,embedding=1,server=y,suspend=n,address=127.0.0.1:56240
Begin MonoManager ReloadAssembly
Registering precompiled unity dll's ...
Register platform support module: D:/Unity/2020.2.6f1/Editor/Data/PlaybackEngines/WindowsStandaloneSupport/UnityEditor.WindowsStandalone.Extensions.dll
Registered in 0.006959 seconds.
Native extension for WindowsStandalone target not found
Refreshing native plugins compatible for Editor in 38.91 ms, found 0 plugins.
Preloading 0 native plugins for Editor in 0.00 ms.
Invoked RoslynAnalysisRunner static constructor.
RoslynAnalysisRunner will not be running.
RoslynAnalysisRunner has terminated.
Mono: successfully reloaded assembly
- Completed reload, in 11.612 seconds
Platform modules already initialized, skipping
Registering precompiled user dll's ...
Registered in 0.001700 seconds.
Begin MonoManager ReloadAssembly
Native extension for WindowsStandalone target not found
Refreshing native plugins compatible for Editor in 0.35 ms, found 0 plugins.
Preloading 0 native plugins for Editor in 0.00 ms.
Invoked RoslynAnalysisRunner static constructor.
RoslynAnalysisRunner will not be running.
RoslynAnalysisRunner has terminated.
Mono: successfully reloaded assembly
- Completed reload, in  1.588 seconds
Platform modules already initialized, skipping
========================================================================
Worker process is ready to serve import requests
Launched and connected shader compiler UnityShaderCompiler.exe after 0.18 seconds
Refreshing native plugins compatible for Editor in 0.38 ms, found 0 plugins.
Preloading 0 native plugins for Editor in 0.00 ms.
Unloading 1484 Unused Serialized files (Serialized files now loaded: 0)
System memory in use before: 75.2 MB.
System memory in use after: 52.1 MB.

Unloading 10 unused Assets to reduce memory usage. Loaded Objects now: 1934.
Total: 8.168300 ms (FindLiveObjects: 1.275500 ms CreateObjectMapping: 0.093500 ms MarkObjects: 6.473700 ms  DeleteObjects: 0.323900 ms)

========================================================================
Received Import Request.
  path: Assets/Scenes/Music Transition.unity
  artifactKey: Guid(6aaa2a3dd06e63c4e89268de9a030ff6) Importer(815301076,1909f56bfc062723c751e8b465ee728b)
Start importing Assets/Scenes/Music Transition.unity using Guid(6aaa2a3dd06e63c4e89268de9a030ff6) Importer(815301076,1909f56bfc062723c751e8b465ee728b)  -> (artifact id: '89fb76905c2ab89cbfa249493b59cec7') in 0.044024 seconds
  Import took 0.081399 seconds .

AssetImportWorkerClient::OnTransportError - code=2 error=End of file
