Using pre-set license
Built from '2020.2/staging' branch; Version is '2020.2.6f1 (8a2143876886) revision 9052483'; Using compiler version '192528614'; Build Type 'Release'
OS: 'Windows 10 Home Single Language; OS build 19043.1889; Version 2009; 64bit' Language: 'es' Physical Memory: 8148 MB
BatchMode: 1, IsHumanControllingUs: 0, StartBugReporterOnCrash: 0, Is64bit: 1, IsPro: 0

 COMMAND LINE ARGUMENTS:
D:\Unity\2020.2.6f1\Editor\Unity.exe
-adb2
-batchMode
-noUpm
-name
AssetImportWorker0
-projectPath
D:/Unity/Clases Tec/Semestre TEC/Modelado3D
-logFile
Logs/AssetImportWorker0.log
-srvPort
56007
Successfully changed project path to: D:/Unity/Clases Tec/Semestre TEC/Modelado3D
D:/Unity/Clases Tec/Semestre TEC/Modelado3D
Using Asset Import Pipeline V2.
Refreshing native plugins compatible for Editor in 82.72 ms, found 0 plugins.
Preloading 0 native plugins for Editor in 0.00 ms.
Initialize engine version: 2020.2.6f1 (8a2143876886)
[Subsystems] Discovering subsystems at path D:/Unity/2020.2.6f1/Editor/Data/Resources/UnitySubsystems
[Subsystems] Discovering subsystems at path D:/Unity/Clases Tec/Semestre TEC/Modelado3D/Assets
GfxDevice: creating device client; threaded=0
Direct3D:
    Version:  Direct3D 11.0 [level 11.1]
    Renderer: NVIDIA GeForce GTX 1060 (ID=0x1c20)
    Vendor:   
    VRAM:     2987 MB
    Driver:   27.21.14.5167
Initialize mono
Mono path[0] = 'D:/Unity/2020.2.6f1/Editor/Data/Managed'
Mono path[1] = 'D:/Unity/2020.2.6f1/Editor/Data/MonoBleedingEdge/lib/mono/unityjit'
Mono config path = 'D:/Unity/2020.2.6f1/Editor/Data/MonoBleedingEdge/etc'
Using monoOptions --debugger-agent=transport=dt_socket,embedding=1,server=y,suspend=n,address=127.0.0.1:56444
Begin MonoManager ReloadAssembly
Registering precompiled unity dll's ...
Register platform support module: D:/Unity/2020.2.6f1/Editor/Data/PlaybackEngines/WindowsStandaloneSupport/UnityEditor.WindowsStandalone.Extensions.dll
Registered in 0.006220 seconds.
Native extension for WindowsStandalone target not found
Refreshing native plugins compatible for Editor in 44.48 ms, found 0 plugins.
Preloading 0 native plugins for Editor in 0.00 ms.
Invoked RoslynAnalysisRunner static constructor.
RoslynAnalysisRunner will not be running.
RoslynAnalysisRunner has terminated.
Mono: successfully reloaded assembly
- Completed reload, in 13.307 seconds
Platform modules already initialized, skipping
Registering precompiled user dll's ...
Registered in 0.002167 seconds.
Begin MonoManager ReloadAssembly
Native extension for WindowsStandalone target not found
Refreshing native plugins compatible for Editor in 0.34 ms, found 0 plugins.
Preloading 0 native plugins for Editor in 0.00 ms.
Invoked RoslynAnalysisRunner static constructor.
RoslynAnalysisRunner will not be running.
RoslynAnalysisRunner has terminated.
Mono: successfully reloaded assembly
- Completed reload, in  1.180 seconds
Platform modules already initialized, skipping
========================================================================
Worker process is ready to serve import requests
Launched and connected shader compiler UnityShaderCompiler.exe after 0.20 seconds
Refreshing native plugins compatible for Editor in 0.40 ms, found 0 plugins.
Preloading 0 native plugins for Editor in 0.00 ms.
Unloading 1495 Unused Serialized files (Serialized files now loaded: 0)
System memory in use before: 90.2 MB.
System memory in use after: 90.3 MB.

Unloading 10 unused Assets to reduce memory usage. Loaded Objects now: 1964.
Total: 2.726700 ms (FindLiveObjects: 0.307000 ms CreateObjectMapping: 0.099700 ms MarkObjects: 2.021700 ms  DeleteObjects: 0.296300 ms)

========================================================================
Received Import Request.
  path: Assets/Scenes/Particulas.unity
  artifactKey: Guid(a5463e191aadd0e43a2f2690fc0d640a) Importer(815301076,1909f56bfc062723c751e8b465ee728b)
Start importing Assets/Scenes/Particulas.unity using Guid(a5463e191aadd0e43a2f2690fc0d640a) Importer(815301076,1909f56bfc062723c751e8b465ee728b)  -> (artifact id: '7bd661e42a60ee6d9267a05d4a1cb842') in 0.187947 seconds
  Import took 0.441510 seconds .

