Using pre-set license
Built from '2020.2/staging' branch; Version is '2020.2.6f1 (8a2143876886) revision 9052483'; Using compiler version '192528614'; Build Type 'Release'
OS: 'Windows 10 Home Single Language; OS build 19043.1889; Version 2009; 64bit' Language: 'es' Physical Memory: 8148 MB
BatchMode: 1, IsHumanControllingUs: 0, StartBugReporterOnCrash: 0, Is64bit: 1, IsPro: 0

 COMMAND LINE ARGUMENTS:
D:\Unity\2020.2.6f1\Editor\Unity.exe
-adb2
-batchMode
-noUpm
-name
AssetImportWorker0
-projectPath
D:/Unity/Clases Tec/Semestre TEC/Modelado3D
-logFile
Logs/AssetImportWorker0.log
-srvPort
50628
Successfully changed project path to: D:/Unity/Clases Tec/Semestre TEC/Modelado3D
D:/Unity/Clases Tec/Semestre TEC/Modelado3D
Using Asset Import Pipeline V2.
Refreshing native plugins compatible for Editor in 69.67 ms, found 0 plugins.
Preloading 0 native plugins for Editor in 0.00 ms.
Initialize engine version: 2020.2.6f1 (8a2143876886)
[Subsystems] Discovering subsystems at path D:/Unity/2020.2.6f1/Editor/Data/Resources/UnitySubsystems
[Subsystems] Discovering subsystems at path D:/Unity/Clases Tec/Semestre TEC/Modelado3D/Assets
GfxDevice: creating device client; threaded=0
Direct3D:
    Version:  Direct3D 11.0 [level 11.1]
    Renderer: NVIDIA GeForce GTX 1060 (ID=0x1c20)
    Vendor:   
    VRAM:     2987 MB
    Driver:   27.21.14.5167
Initialize mono
Mono path[0] = 'D:/Unity/2020.2.6f1/Editor/Data/Managed'
Mono path[1] = 'D:/Unity/2020.2.6f1/Editor/Data/MonoBleedingEdge/lib/mono/unityjit'
Mono config path = 'D:/Unity/2020.2.6f1/Editor/Data/MonoBleedingEdge/etc'
Using monoOptions --debugger-agent=transport=dt_socket,embedding=1,server=y,suspend=n,address=127.0.0.1:56948
Begin MonoManager ReloadAssembly
Registering precompiled unity dll's ...
Register platform support module: D:/Unity/2020.2.6f1/Editor/Data/PlaybackEngines/WindowsStandaloneSupport/UnityEditor.WindowsStandalone.Extensions.dll
Registered in 0.002912 seconds.
Native extension for WindowsStandalone target not found
Refreshing native plugins compatible for Editor in 57.56 ms, found 0 plugins.
Preloading 0 native plugins for Editor in 0.00 ms.
Invoked RoslynAnalysisRunner static constructor.
RoslynAnalysisRunner will not be running.
RoslynAnalysisRunner has terminated.
Mono: successfully reloaded assembly
- Completed reload, in  4.728 seconds
Platform modules already initialized, skipping
Registering precompiled user dll's ...
Registered in 0.001630 seconds.
Begin MonoManager ReloadAssembly
Native extension for WindowsStandalone target not found
Refreshing native plugins compatible for Editor in 0.56 ms, found 0 plugins.
Preloading 0 native plugins for Editor in 0.00 ms.
Invoked RoslynAnalysisRunner static constructor.
RoslynAnalysisRunner will not be running.
RoslynAnalysisRunner has terminated.
Mono: successfully reloaded assembly
- Completed reload, in  1.688 seconds
Platform modules already initialized, skipping
========================================================================
Worker process is ready to serve import requests
Launched and connected shader compiler UnityShaderCompiler.exe after 0.61 seconds
Refreshing native plugins compatible for Editor in 0.74 ms, found 0 plugins.
Preloading 0 native plugins for Editor in 0.00 ms.
Unloading 1495 Unused Serialized files (Serialized files now loaded: 0)
System memory in use before: 90.2 MB.
System memory in use after: 90.3 MB.

Unloading 10 unused Assets to reduce memory usage. Loaded Objects now: 1964.
Total: 3.039000 ms (FindLiveObjects: 0.604000 ms CreateObjectMapping: 0.108300 ms MarkObjects: 1.953200 ms  DeleteObjects: 0.371400 ms)

========================================================================
Received Import Request.
  path: Assets/Imports/Flare Gun/Sound/no-ammo.wav
  artifactKey: Guid(33b4f082caddfbd479b447561a4339b4) Importer(815301076,1909f56bfc062723c751e8b465ee728b)
Start importing Assets/Imports/Flare Gun/Sound/no-ammo.wav using Guid(33b4f082caddfbd479b447561a4339b4) Importer(815301076,1909f56bfc062723c751e8b465ee728b)  -> (artifact id: '8c83df3af9c98a963a4808a08686be46') in 0.320186 seconds
  Import took 0.636380 seconds .

========================================================================
Received Import Request.
  Time since last request: 0.000664 seconds.
  path: Assets/Imports/Flare Gun/Sound
  artifactKey: Guid(66050c4ece6116f498b7d653468ed349) Importer(815301076,1909f56bfc062723c751e8b465ee728b)
Start importing Assets/Imports/Flare Gun/Sound using Guid(66050c4ece6116f498b7d653468ed349) Importer(815301076,1909f56bfc062723c751e8b465ee728b)  -> (artifact id: '1bb82674a7d6071c7d376798182dca9b') in 0.015093 seconds
  Import took 0.424759 seconds .

========================================================================
Received Import Request.
  Time since last request: 0.000802 seconds.
  path: Assets/Imports/Flare Gun/Sound/reload.wav
  artifactKey: Guid(83c52e0124588cb41b7c1c200f457a50) Importer(815301076,1909f56bfc062723c751e8b465ee728b)
Start importing Assets/Imports/Flare Gun/Sound/reload.wav using Guid(83c52e0124588cb41b7c1c200f457a50) Importer(815301076,1909f56bfc062723c751e8b465ee728b)  -> (artifact id: '8d36b4b2b71b38270707312b04920c88') in 0.164663 seconds
  Import took 0.255624 seconds .

========================================================================
Received Import Request.
  Time since last request: 0.000754 seconds.
  path: Assets/Imports/Flare Gun/Sound/pickup.wav
  artifactKey: Guid(f27dd859701e20140ada74e809779ed9) Importer(815301076,1909f56bfc062723c751e8b465ee728b)
Start importing Assets/Imports/Flare Gun/Sound/pickup.wav using Guid(f27dd859701e20140ada74e809779ed9) Importer(815301076,1909f56bfc062723c751e8b465ee728b)  -> (artifact id: '42f03053f3cf56b43fb17c1614e4b1c7') in 0.161989 seconds
  Import took 0.375943 seconds .

========================================================================
Received Import Request.
  Time since last request: 0.000784 seconds.
  path: Assets/Imports/Flare Gun/Scripts
  artifactKey: Guid(bf617ef564072cc40887048950789c3b) Importer(815301076,1909f56bfc062723c751e8b465ee728b)
Start importing Assets/Imports/Flare Gun/Scripts using Guid(bf617ef564072cc40887048950789c3b) Importer(815301076,1909f56bfc062723c751e8b465ee728b)  -> (artifact id: '2880b6db5cd44dabfcfe48d218a9b57b') in 0.213458 seconds
  Import took 0.560887 seconds .

========================================================================
Received Import Request.
  Time since last request: 0.000744 seconds.
  path: Assets/Imports/Flare Gun/Sound/flareshot.wav
  artifactKey: Guid(0f01458ab91c1ac4883d0e6e549bff26) Importer(815301076,1909f56bfc062723c751e8b465ee728b)
Start importing Assets/Imports/Flare Gun/Sound/flareshot.wav using Guid(0f01458ab91c1ac4883d0e6e549bff26) Importer(815301076,1909f56bfc062723c751e8b465ee728b)  -> (artifact id: '5b5f803a984bd11ed3c4c9f9d632fb65') in 0.309395 seconds
  Import took 0.319341 seconds .

========================================================================
Received Import Request.
  Time since last request: 0.000598 seconds.
  path: Assets/Imports/Ancient  Warrior Blade/ReadMe.rtf
  artifactKey: Guid(6052c7397de51cd4a9b2b464a9b80e2b) Importer(815301076,1909f56bfc062723c751e8b465ee728b)
Start importing Assets/Imports/Ancient  Warrior Blade/ReadMe.rtf using Guid(6052c7397de51cd4a9b2b464a9b80e2b) Importer(815301076,1909f56bfc062723c751e8b465ee728b)  -> (artifact id: 'e4222e87c09d47cb8d0248e155d6c7e7') in 0.026693 seconds
  Import took 0.377850 seconds .

========================================================================
Received Import Request.
  Time since last request: 0.000535 seconds.
  path: Assets/Imports/Flare Gun/Sound/flareburning.wav
  artifactKey: Guid(0ed0d71c3db32c64aa047c6dc5794514) Importer(815301076,1909f56bfc062723c751e8b465ee728b)
Start importing Assets/Imports/Flare Gun/Sound/flareburning.wav using Guid(0ed0d71c3db32c64aa047c6dc5794514) Importer(815301076,1909f56bfc062723c751e8b465ee728b)  -> (artifact id: 'bb300d1faaba56b92f50ce7d98303843') in 0.032415 seconds
  Import took 0.105077 seconds .

